#
# There is insufficient memory for the Java Runtime Environment to continue.
# Native memory allocation (malloc) failed to allocate 305776 bytes for Chunk::new
# Possible reasons:
#   The system is out of physical RAM or swap space
#   The process is running with CompressedOops enabled, and the Java Heap may be blocking the growth of the native heap
# Possible solutions:
#   Reduce memory load on the system
#   Increase physical memory or swap space
#   Check if swap backing store is full
#   Decrease Java heap size (-Xmx/-Xms)
#   Decrease number of Java threads
#   Decrease Java thread stack sizes (-Xss)
#   Set larger code cache with -XX:ReservedCodeCacheSize=
#   JVM is running with Unscaled Compressed Oops mode in which the Java heap is
#     placed in the first 4GB address space. The Java Heap base address is the
#     maximum limit for the native heap growth. Please use -XX:HeapBaseMinAddress
#     to set the Java Heap base and to place the Java Heap above 4GB virtual address.
# This output file may be truncated or incomplete.
#
#  Out of Memory Error (allocation.cpp:389), pid=14008, tid=0x0000000000002710
#
# JRE version: OpenJDK Runtime Environment (8.0_202-b03) (build 1.8.0_202-release-1483-b03)
# Java VM: OpenJDK 64-Bit Server VM (25.202-b03 mixed mode windows-amd64 compressed oops)
# Failed to write core dump. Minidumps are not enabled by default on client versions of Windows
#

---------------  T H R E A D  ---------------

Current thread (0x0000000015cf2000):  JavaThread "C2 CompilerThread0" daemon [_thread_in_native, id=10000, stack(0x0000000016d30000,0x0000000016e30000)]

Stack: [0x0000000016d30000,0x0000000016e30000]
[error occurred during error reporting (printing stack bounds), id 0xc0000005]

Native frames: (J=compiled Java code, j=interpreted, Vv=VM code, C=native code)


Current CompileTask:
C2: 112357 7172   !   4       java.util.concurrent.LinkedBlockingQueue::poll (134 bytes)


---------------  P R O C E S S  ---------------

Java Threads: ( => current thread )
  0x000000001a8fb800 JavaThread "Memory manager" [_thread_blocked, id=11064, stack(0x000000001f870000,0x000000001f970000)]
  0x000000001a8ff000 JavaThread "Cache worker for Build Output Cleanup Cache (C:\Users\danie\OneDrive\AndroidProject\nets\.gradle\buildOutputCleanup)" [_thread_blocked, id=512, stack(0x000000001f170000,0x000000001f270000)]
  0x000000001a8fe800 JavaThread "pool-1-thread-1" [_thread_blocked, id=14928, stack(0x000000001ee70000,0x000000001ef70000)]
  0x000000001a8fd000 JavaThread "Build operations Thread 2" [_thread_blocked, id=13348, stack(0x000000001d7a0000,0x000000001d8a0000)]
  0x000000001a8fd800 JavaThread "Build operations" [_thread_blocked, id=1944, stack(0x000000001d430000,0x000000001d530000)]
  0x0000000018479000 JavaThread "Cache worker for execution history cache (C:\Users\danie\.gradle\caches\5.4.1\executionHistory)" [_thread_blocked, id=3520, stack(0x000000001d130000,0x000000001d230000)]
  0x0000000018479800 JavaThread "Cache worker for cache directory md-rule (C:\Users\danie\.gradle\caches\5.4.1\md-rule)" [_thread_blocked, id=10028, stack(0x000000001d030000,0x000000001d130000)]
  0x0000000018478000 JavaThread "Cache worker for cache directory md-supplier (C:\Users\danie\.gradle\caches\5.4.1\md-supplier)" [_thread_blocked, id=10928, stack(0x000000001cf30000,0x000000001d030000)]
  0x000000001847c000 JavaThread "Cache worker for file hash cache (C:\Users\danie\OneDrive\AndroidProject\nets\.gradle\5.4.1\fileHashes)" [_thread_blocked, id=13520, stack(0x000000001c630000,0x000000001c730000)]
  0x0000000018475000 JavaThread "Cache worker for journal cache (C:\Users\danie\.gradle\caches\journal-1)" [_thread_blocked, id=13084, stack(0x000000001a390000,0x000000001a490000)]
  0x000000001847b000 JavaThread "File lock request listener" [_thread_in_native, id=15072, stack(0x000000001a090000,0x000000001a190000)]
  0x000000001720a800 JavaThread "Cache worker for file hash cache (C:\Users\danie\.gradle\caches\5.4.1\fileHashes)" [_thread_blocked, id=12104, stack(0x0000000019f90000,0x000000001a090000)]
  0x0000000017337800 JavaThread "Thread-9" [_thread_blocked, id=10836, stack(0x0000000019e90000,0x0000000019f90000)]
  0x0000000017335000 JavaThread "Asynchronous log dispatcher for DefaultDaemonConnection: socket connection from /127.0.0.1:62944 to /127.0.0.1:62945" [_thread_blocked, id=14872, stack(0x0000000019c90000,0x0000000019d90000)]
  0x0000000017359000 JavaThread "Daemon worker" [_thread_in_native, id=11560, stack(0x0000000019b90000,0x0000000019c90000)]
  0x000000001844d000 JavaThread "Cancel handler" [_thread_blocked, id=14196, stack(0x0000000019a90000,0x0000000019b90000)]
  0x0000000017cb2000 JavaThread "Handler for socket connection from /127.0.0.1:62944 to /127.0.0.1:62945" [_thread_in_native, id=11152, stack(0x0000000019790000,0x0000000019890000)]
  0x0000000017caa800 JavaThread "Daemon" [_thread_blocked, id=4004, stack(0x0000000019690000,0x0000000019790000)]
  0x0000000017af2000 JavaThread "Daemon periodic checks" [_thread_blocked, id=13612, stack(0x0000000019590000,0x0000000019690000)]
  0x000000001868d000 JavaThread "Incoming local TCP Connector on port 62944" [_thread_in_native, id=8152, stack(0x0000000019340000,0x0000000019440000)]
  0x0000000018406800 JavaThread "Daemon health stats" [_thread_blocked, id=11492, stack(0x0000000018d00000,0x0000000018e00000)]
  0x0000000015d49000 JavaThread "Service Thread" daemon [_thread_blocked, id=3140, stack(0x0000000016f30000,0x0000000017030000)]
  0x0000000015d46000 JavaThread "C1 CompilerThread1" daemon [_thread_blocked, id=12988, stack(0x0000000016e30000,0x0000000016f30000)]
=>0x0000000015cf2000 JavaThread "C2 CompilerThread0" daemon [_thread_in_native, id=10000, stack(0x0000000016d30000,0x0000000016e30000)]
  0x0000000015cee800 JavaThread "Attach Listener" daemon [_thread_blocked, id=7332, stack(0x0000000016c30000,0x0000000016d30000)]
  0x00000000025be000 JavaThread "Signal Dispatcher" daemon [_thread_blocked, id=12084, stack(0x0000000016b30000,0x0000000016c30000)]
  0x00000000025b6000 JavaThread "Finalizer" daemon [_thread_blocked, id=10768, stack(0x0000000016920000,0x0000000016a20000)]
  0x0000000015cd7000 JavaThread "Reference Handler" daemon [_thread_blocked, id=6252, stack(0x0000000016820000,0x0000000016920000)]
  0x000000000248e000 JavaThread "main" [_thread_blocked, id=14468, stack(0x0000000002320000,0x0000000002420000)]

Other Threads:
  0x0000000015cb5800 VMThread [stack: 0x0000000016720000,0x0000000016820000] [id=12572]
  0x0000000015d4c000 WatcherThread [stack: 0x0000000017030000,0x0000000017130000] [id=8880]

VM state:not at safepoint (normal execution)

VM Mutex/Monitor currently owned by a thread: None

heap address: 0x00000000a0000000, size: 1536 MB, Compressed Oops mode: 32-bit
Narrow klass base: 0x0000000000000000, Narrow klass shift: 3
Compressed class space size: 1073741824 Address: 0x0000000100000000

Heap:
 PSYoungGen      total 217088K, used 127689K [0x00000000e0000000, 0x00000000ef200000, 0x0000000100000000)
  eden space 211456K, 57% used [0x00000000e0000000,0x00000000e77ac920,0x00000000ece80000)
  from space 5632K, 91% used [0x00000000eec80000,0x00000000ef185df0,0x00000000ef200000)
  to   space 15872K, 0% used [0x00000000ed300000,0x00000000ed300000,0x00000000ee280000)
 ParOldGen       total 81920K, used 30648K [0x00000000a0000000, 0x00000000a5000000, 0x00000000e0000000)
  object space 81920K, 37% used [0x00000000a0000000,0x00000000a1dee248,0x00000000a5000000)
 Metaspace       used 65102K, capacity 67198K, committed 67456K, reserved 1107968K
  class space    used 8817K, capacity 9322K, committed 9344K, reserved 1048576K

Card table byte_map: [0x0000000011980000,0x0000000011c90000] byte_map_base: 0x0000000011480000

Marking Bits: (ParMarkBitMap*) 0x00000000701f9f30
 Begin Bits: [0x0000000012090000, 0x0000000013890000)
 End Bits:   [0x0000000013890000, 0x0000000015090000)

Polling page: 0x0000000002420000

CodeCache: size=245760Kb used=21432Kb max_used=21432Kb free=224327Kb
 bounds [0x00000000025c0000, 0x0000000003ad0000, 0x00000000115c0000]
 total_blobs=7196 nmethods=6373 adapters=736
 compilation: enabled

Compilation events (10 events):
Event: 112.285 Thread 0x0000000015d46000 7175       1       org.gradle.internal.resolve.result.DefaultBuildableComponentIdResolveResult::isRejected (5 bytes)
Event: 112.285 Thread 0x0000000015d46000 nmethod 7175 0x0000000003ac3a50 code [0x0000000003ac3ba0, 0x0000000003ac3cb0]
Event: 112.285 Thread 0x0000000015d46000 7176       3       org.gradle.internal.resource.local.DefaultPathKeyFileStore::getInProgressMarkerFile (34 bytes)
Event: 112.286 Thread 0x0000000015d46000 nmethod 7176 0x0000000003ac2c10 code [0x0000000003ac2e00, 0x0000000003ac3658]
Event: 112.288 Thread 0x0000000015d46000 7177       3       org.gradle.internal.resource.local.DefaultLocallyAvailableResource::<init> (10 bytes)
Event: 112.289 Thread 0x0000000015d46000 nmethod 7177 0x0000000003ac2790 code [0x0000000003ac2900, 0x0000000003ac2b30]
Event: 112.295 Thread 0x0000000015d46000 7178       3       org.gradle.internal.component.external.model.AbstractLazyModuleComponentResolveMetadata::getAttributes (5 bytes)
Event: 112.295 Thread 0x0000000015d46000 nmethod 7178 0x0000000003ac2450 code [0x0000000003ac25a0, 0x0000000003ac2710]
Event: 112.316 Thread 0x0000000015d46000 7180       3       org.gradle.api.internal.artifacts.ivyservice.resolveengine.graph.builder.EdgeState::getTargetComponent (27 bytes)
Event: 112.317 Thread 0x0000000015d46000 nmethod 7180 0x0000000003ac1f10 code [0x0000000003ac2080, 0x0000000003ac2350]

GC Heap History (10 events):
Event: 26.380 GC heap before
{Heap before GC invocations=13 (full 2):
 PSYoungGen      total 144896K, used 132096K [0x00000000e0000000, 0x00000000eb700000, 0x0000000100000000)
  eden space 132096K, 100% used [0x00000000e0000000,0x00000000e8100000,0x00000000e8100000)
  from space 12800K, 0% used [0x00000000e8d00000,0x00000000e8d00000,0x00000000e9980000)
  to   space 12288K, 0% used [0x00000000e8100000,0x00000000e8100000,0x00000000e8d00000)
 ParOldGen       total 54272K, used 16139K [0x00000000a0000000, 0x00000000a3500000, 0x00000000e0000000)
  object space 54272K, 29% used [0x00000000a0000000,0x00000000a0fc2ec0,0x00000000a3500000)
 Metaspace       used 46177K, capacity 47510K, committed 47616K, reserved 1089536K
  class space    used 6226K, capacity 6551K, committed 6656K, reserved 1048576K
Event: 26.471 GC heap after
Heap after GC invocations=13 (full 2):
 PSYoungGen      total 144384K, used 12277K [0x00000000e0000000, 0x00000000ec400000, 0x0000000100000000)
  eden space 132096K, 0% used [0x00000000e0000000,0x00000000e0000000,0x00000000e8100000)
  from space 12288K, 99% used [0x00000000e8100000,0x00000000e8cfd5d8,0x00000000e8d00000)
  to   space 15360K, 0% used [0x00000000eb500000,0x00000000eb500000,0x00000000ec400000)
 ParOldGen       total 54272K, used 20783K [0x00000000a0000000, 0x00000000a3500000, 0x00000000e0000000)
  object space 54272K, 38% used [0x00000000a0000000,0x00000000a144bfd8,0x00000000a3500000)
 Metaspace       used 46177K, capacity 47510K, committed 47616K, reserved 1089536K
  class space    used 6226K, capacity 6551K, committed 6656K, reserved 1048576K
}
Event: 35.671 GC heap before
{Heap before GC invocations=14 (full 2):
 PSYoungGen      total 144384K, used 144373K [0x00000000e0000000, 0x00000000ec400000, 0x0000000100000000)
  eden space 132096K, 100% used [0x00000000e0000000,0x00000000e8100000,0x00000000e8100000)
  from space 12288K, 99% used [0x00000000e8100000,0x00000000e8cfd5d8,0x00000000e8d00000)
  to   space 15360K, 0% used [0x00000000eb500000,0x00000000eb500000,0x00000000ec400000)
 ParOldGen       total 54272K, used 20783K [0x00000000a0000000, 0x00000000a3500000, 0x00000000e0000000)
  object space 54272K, 38% used [0x00000000a0000000,0x00000000a144bfd8,0x00000000a3500000)
 Metaspace       used 56369K, capacity 58344K, committed 58624K, reserved 1099776K
  class space    used 7691K, capacity 8093K, committed 8192K, reserved 1048576K
Event: 35.734 GC heap after
Heap after GC invocations=14 (full 2):
 PSYoungGen      total 182272K, used 13394K [0x00000000e0000000, 0x00000000ec400000, 0x0000000100000000)
  eden space 166912K, 0% used [0x00000000e0000000,0x00000000e0000000,0x00000000ea300000)
  from space 15360K, 87% used [0x00000000eb500000,0x00000000ec214910,0x00000000ec400000)
  to   space 16896K, 0% used [0x00000000ea300000,0x00000000ea300000,0x00000000eb380000)
 ParOldGen       total 54272K, used 29364K [0x00000000a0000000, 0x00000000a3500000, 0x00000000e0000000)
  object space 54272K, 54% used [0x00000000a0000000,0x00000000a1cad070,0x00000000a3500000)
 Metaspace       used 56369K, capacity 58344K, committed 58624K, reserved 1099776K
  class space    used 7691K, capacity 8093K, committed 8192K, reserved 1048576K
}
Event: 36.278 GC heap before
{Heap before GC invocations=15 (full 2):
 PSYoungGen      total 182272K, used 30055K [0x00000000e0000000, 0x00000000ec400000, 0x0000000100000000)
  eden space 166912K, 9% used [0x00000000e0000000,0x00000000e10455b0,0x00000000ea300000)
  from space 15360K, 87% used [0x00000000eb500000,0x00000000ec214910,0x00000000ec400000)
  to   space 16896K, 0% used [0x00000000ea300000,0x00000000ea300000,0x00000000eb380000)
 ParOldGen       total 54272K, used 29364K [0x00000000a0000000, 0x00000000a3500000, 0x00000000e0000000)
  object space 54272K, 54% used [0x00000000a0000000,0x00000000a1cad070,0x00000000a3500000)
 Metaspace       used 56991K, capacity 58936K, committed 59096K, reserved 1099776K
  class space    used 7775K, capacity 8207K, committed 8320K, reserved 1048576K
Event: 36.307 GC heap after
Heap after GC invocations=15 (full 2):
 PSYoungGen      total 183808K, used 7293K [0x00000000e0000000, 0x00000000efc80000, 0x0000000100000000)
  eden space 166912K, 0% used [0x00000000e0000000,0x00000000e0000000,0x00000000ea300000)
  from space 16896K, 43% used [0x00000000ea300000,0x00000000eaa1f468,0x00000000eb380000)
  to   space 16384K, 0% used [0x00000000eec80000,0x00000000eec80000,0x00000000efc80000)
 ParOldGen       total 54272K, used 29436K [0x00000000a0000000, 0x00000000a3500000, 0x00000000e0000000)
  object space 54272K, 54% used [0x00000000a0000000,0x00000000a1cbf080,0x00000000a3500000)
 Metaspace       used 56991K, capacity 58936K, committed 59096K, reserved 1099776K
  class space    used 7775K, capacity 8207K, committed 8320K, reserved 1048576K
}
Event: 36.307 GC heap before
{Heap before GC invocations=16 (full 3):
 PSYoungGen      total 183808K, used 7293K [0x00000000e0000000, 0x00000000efc80000, 0x0000000100000000)
  eden space 166912K, 0% used [0x00000000e0000000,0x00000000e0000000,0x00000000ea300000)
  from space 16896K, 43% used [0x00000000ea300000,0x00000000eaa1f468,0x00000000eb380000)
  to   space 16384K, 0% used [0x00000000eec80000,0x00000000eec80000,0x00000000efc80000)
 ParOldGen       total 54272K, used 29436K [0x00000000a0000000, 0x00000000a3500000, 0x00000000e0000000)
  object space 54272K, 54% used [0x00000000a0000000,0x00000000a1cbf080,0x00000000a3500000)
 Metaspace       used 56991K, capacity 58936K, committed 59096K, reserved 1099776K
  class space    used 7775K, capacity 8207K, committed 8320K, reserved 1048576K
Event: 36.829 GC heap after
Heap after GC invocations=16 (full 3):
 PSYoungGen      total 183808K, used 0K [0x00000000e0000000, 0x00000000efc80000, 0x0000000100000000)
  eden space 166912K, 0% used [0x00000000e0000000,0x00000000e0000000,0x00000000ea300000)
  from space 16896K, 0% used [0x00000000ea300000,0x00000000ea300000,0x00000000eb380000)
  to   space 16384K, 0% used [0x00000000eec80000,0x00000000eec80000,0x00000000efc80000)
 ParOldGen       total 81920K, used 30640K [0x00000000a0000000, 0x00000000a5000000, 0x00000000e0000000)
  object space 81920K, 37% used [0x00000000a0000000,0x00000000a1dec248,0x00000000a5000000)
 Metaspace       used 56991K, capacity 58936K, committed 59096K, reserved 1099776K
  class space    used 7775K, capacity 8207K, committed 8320K, reserved 1048576K
}
Event: 87.539 GC heap before
{Heap before GC invocations=17 (full 3):
 PSYoungGen      total 183808K, used 166912K [0x00000000e0000000, 0x00000000efc80000, 0x0000000100000000)
  eden space 166912K, 100% used [0x00000000e0000000,0x00000000ea300000,0x00000000ea300000)
  from space 16896K, 0% used [0x00000000ea300000,0x00000000ea300000,0x00000000eb380000)
  to   space 16384K, 0% used [0x00000000eec80000,0x00000000eec80000,0x00000000efc80000)
 ParOldGen       total 81920K, used 30640K [0x00000000a0000000, 0x00000000a5000000, 0x00000000e0000000)
  object space 81920K, 37% used [0x00000000a0000000,0x00000000a1dec248,0x00000000a5000000)
 Metaspace       used 60815K, capacity 62888K, committed 62976K, reserved 1103872K
  class space    used 8208K, capacity 8675K, committed 8704K, reserved 1048576K
Event: 87.555 GC heap after
Heap after GC invocations=17 (full 3):
 PSYoungGen      total 217088K, used 5143K [0x00000000e0000000, 0x00000000ef200000, 0x0000000100000000)
  eden space 211456K, 0% used [0x00000000e0000000,0x00000000e0000000,0x00000000ece80000)
  from space 5632K, 91% used [0x00000000eec80000,0x00000000ef185df0,0x00000000ef200000)
  to   space 15872K, 0% used [0x00000000ed300000,0x00000000ed300000,0x00000000ee280000)
 ParOldGen       total 81920K, used 30648K [0x00000000a0000000, 0x00000000a5000000, 0x00000000e0000000)
  object space 81920K, 37% used [0x00000000a0000000,0x00000000a1dee248,0x00000000a5000000)
 Metaspace       used 60815K, capacity 62888K, committed 62976K, reserved 1103872K
  class space    used 8208K, capacity 8675K, committed 8704K, reserved 1048576K
}

Deoptimization events (10 events):
Event: 110.073 Thread 0x0000000017359000 Uncommon trap: reason=class_check action=maybe_recompile pc=0x000000000270bc40 method=java.lang.Throwable.<init>(Ljava/lang/String;Ljava/lang/Throwable;)V @ 24
Event: 110.798 Thread 0x0000000017359000 Uncommon trap: reason=bimorphic action=maybe_recompile pc=0x00000000039e4254 method=java.util.Hashtable.get(Ljava/lang/Object;)Ljava/lang/Object; @ 6
Event: 110.798 Thread 0x0000000017359000 Uncommon trap: reason=bimorphic action=maybe_recompile pc=0x00000000039e4254 method=java.util.Hashtable.get(Ljava/lang/Object;)Ljava/lang/Object; @ 6
Event: 110.798 Thread 0x0000000017359000 Uncommon trap: reason=bimorphic action=maybe_recompile pc=0x00000000039e4254 method=java.util.Hashtable.get(Ljava/lang/Object;)Ljava/lang/Object; @ 6
Event: 110.798 Thread 0x0000000017359000 Uncommon trap: reason=bimorphic action=maybe_recompile pc=0x00000000039e4254 method=java.util.Hashtable.get(Ljava/lang/Object;)Ljava/lang/Object; @ 6
Event: 110.909 Thread 0x0000000017359000 Uncommon trap: reason=unstable_if action=reinterpret pc=0x0000000002780094 method=java.lang.String.replace(CC)Ljava/lang/String; @ 2
Event: 110.934 Thread 0x0000000017359000 Uncommon trap: reason=bimorphic action=maybe_recompile pc=0x0000000003a4c4f0 method=org.codehaus.groovy.runtime.metaclass.MetaMethodIndex.addMethodToList(Ljava/lang/Object;Lgroovy/lang/MetaMethod;)Ljava/lang/Object; @ 96
Event: 110.935 Thread 0x0000000017359000 Uncommon trap: reason=unstable_if action=reinterpret pc=0x0000000003a4c464 method=org.codehaus.groovy.runtime.metaclass.MetaMethodIndex.isNonRealMethod(Lgroovy/lang/MetaMethod;)Z @ 4
Event: 110.935 Thread 0x0000000017359000 Uncommon trap: reason=unstable_if action=reinterpret pc=0x00000000032e8d78 method=org.codehaus.groovy.runtime.metaclass.MetaMethodIndex.copyNonPrivateNonNewMetaMethods(Lorg/codehaus/groovy/runtime/metaclass/MetaMethodIndex$Entry;Lorg/codehaus/groovy/runti
Event: 110.935 Thread 0x0000000017359000 Uncommon trap: reason=unstable_if action=reinterpret pc=0x0000000003a6d280 method=groovy.lang.MetaClassImpl$1MOPIter.methodNameAction(Ljava/lang/Class;Lorg/codehaus/groovy/runtime/metaclass/MetaMethodIndex$Entry;)V @ 182

Classes redefined (0 events):
No events

Internal exceptions (10 events):
Event: 110.947 Thread 0x0000000017359000 Exception <a 'java/security/PrivilegedActionException'> (0x00000000e7335058) thrown at [D:\src\AOSP-openjdk-cygwin\jdk8u\hotspot\src\share\vm\prims\jvm.cpp, line 1508]
Event: 110.947 Thread 0x0000000017359000 Exception <a 'java/lang/ClassNotFoundException': groovy/util/BuilderSupportCustomizer> (0x00000000e7339578) thrown at [D:\src\AOSP-openjdk-cygwin\jdk8u\hotspot\src\share\vm\classfile\systemDictionary.cpp, line 210]
Event: 110.947 Thread 0x0000000017359000 Exception <a 'java/security/PrivilegedActionException'> (0x00000000e7344870) thrown at [D:\src\AOSP-openjdk-cygwin\jdk8u\hotspot\src\share\vm\prims\jvm.cpp, line 1508]
Event: 110.947 Thread 0x0000000017359000 Exception <a 'java/security/PrivilegedActionException'> (0x00000000e73455f0) thrown at [D:\src\AOSP-openjdk-cygwin\jdk8u\hotspot\src\share\vm\prims\jvm.cpp, line 1508]
Event: 110.948 Thread 0x0000000017359000 Exception <a 'java/security/PrivilegedActionException'> (0x00000000e7350f20) thrown at [D:\src\AOSP-openjdk-cygwin\jdk8u\hotspot\src\share\vm\prims\jvm.cpp, line 1508]
Event: 110.948 Thread 0x0000000017359000 Exception <a 'java/security/PrivilegedActionException'> (0x00000000e7351ca0) thrown at [D:\src\AOSP-openjdk-cygwin\jdk8u\hotspot\src\share\vm\prims\jvm.cpp, line 1508]
Event: 110.948 Thread 0x0000000017359000 Exception <a 'java/lang/ClassNotFoundException': groovy/util/AntBuilderCustomizer> (0x00000000e7355e88) thrown at [D:\src\AOSP-openjdk-cygwin\jdk8u\hotspot\src\share\vm\classfile\systemDictionary.cpp, line 210]
Event: 110.949 Thread 0x0000000017359000 Exception <a 'java/lang/ClassNotFoundException': org/gradle/api/AntBuilderCustomizer> (0x00000000e736ea38) thrown at [D:\src\AOSP-openjdk-cygwin\jdk8u\hotspot\src\share\vm\classfile\systemDictionary.cpp, line 210]
Event: 110.950 Thread 0x0000000017359000 Exception <a 'java/lang/ClassNotFoundException': org/gradle/api/internal/project/ant/BasicAntBuilderCustomizer> (0x00000000e7394488) thrown at [D:\src\AOSP-openjdk-cygwin\jdk8u\hotspot\src\share\vm\classfile\systemDictionary.cpp, line 210]
Event: 110.951 Thread 0x0000000017359000 Exception <a 'java/lang/ClassNotFoundException': org/gradle/api/internal/project/DefaultAntBuilderCustomizer> (0x00000000e73c18f8) thrown at [D:\src\AOSP-openjdk-cygwin\jdk8u\hotspot\src\share\vm\classfile\systemDictionary.cpp, line 210]

Events (10 events):
Event: 112.251 loading class org/gradle/api/internal/artifacts/repositories/resolver/AbstractDependenciesMetadataAdapter
Event: 112.251 loading class org/gradle/api/internal/artifacts/repositories/resolver/AbstractDependenciesMetadataAdapter done
Event: 112.256 loading class org/gradle/api/artifacts/DirectDependenciesMetadata
Event: 112.256 loading class org/gradle/api/artifacts/DirectDependenciesMetadata done
Event: 112.256 loading class org/gradle/api/internal/artifacts/repositories/resolver/DirectDependencyMetadataAdapter
Event: 112.256 loading class org/gradle/api/internal/artifacts/repositories/resolver/DirectDependencyMetadataAdapter done
Event: 112.257 loading class org/gradle/api/internal/artifacts/repositories/resolver/AbstractDependencyMetadataAdapter
Event: 112.257 loading class org/gradle/api/internal/artifacts/repositories/resolver/AbstractDependencyMetadataAdapter done
Event: 112.275 loading class org/gradle/api/artifacts/DirectDependencyMetadata
Event: 112.275 loading class org/gradle/api/artifacts/DirectDependencyMetadata done


Dynamic libraries:
0x00007ff689820000 - 0x00007ff689851000 	C:\Program Files\Android\Android Studio\jre\bin\java.exe
0x00007ff9a3900000 - 0x00007ff9a3af0000 	C:\WINDOWS\SYSTEM32\ntdll.dll
0x00007ff997f60000 - 0x00007ff997f75000 	C:\Program Files\AVAST Software\Avast\aswhook.dll
0x00007ff9a20d0000 - 0x00007ff9a2182000 	C:\WINDOWS\System32\KERNEL32.DLL
0x00007ff9a0db0000 - 0x00007ff9a1053000 	C:\WINDOWS\System32\KERNELBASE.dll
0x00007ff9a2db0000 - 0x00007ff9a2e53000 	C:\WINDOWS\System32\ADVAPI32.dll
0x00007ff9a2e60000 - 0x00007ff9a2efe000 	C:\WINDOWS\System32\msvcrt.dll
0x00007ff9a3280000 - 0x00007ff9a3317000 	C:\WINDOWS\System32\sechost.dll
0x00007ff9a30b0000 - 0x00007ff9a31d0000 	C:\WINDOWS\System32\RPCRT4.dll
0x00007ff9a19e0000 - 0x00007ff9a1b74000 	C:\WINDOWS\System32\USER32.dll
0x00007ff9a1090000 - 0x00007ff9a10b1000 	C:\WINDOWS\System32\win32u.dll
0x00007ff9a19b0000 - 0x00007ff9a19d6000 	C:\WINDOWS\System32\GDI32.dll
0x00007ff9a0a30000 - 0x00007ff9a0bc4000 	C:\WINDOWS\System32\gdi32full.dll
0x00007ff9a0890000 - 0x00007ff9a092e000 	C:\WINDOWS\System32\msvcp_win.dll
0x00007ff9a0bd0000 - 0x00007ff9a0cca000 	C:\WINDOWS\System32\ucrtbase.dll
0x00007ff98b8c0000 - 0x00007ff98bb45000 	C:\WINDOWS\WinSxS\amd64_microsoft.windows.common-controls_6595b64144ccf1df_6.0.18362.720_none_e6beb5c51314836b\COMCTL32.dll
0x00007ff9a1d30000 - 0x00007ff9a2066000 	C:\WINDOWS\System32\combase.dll
0x00007ff9a0d30000 - 0x00007ff9a0db0000 	C:\WINDOWS\System32\bcryptPrimitives.dll
0x00007ff9a3250000 - 0x00007ff9a327e000 	C:\WINDOWS\System32\IMM32.DLL
0x000000006f870000 - 0x000000006f942000 	C:\Program Files\Android\Android Studio\jre\jre\bin\msvcr100.dll
0x000000006fa30000 - 0x0000000070276000 	C:\Program Files\Android\Android Studio\jre\jre\bin\server\jvm.dll
0x00007ff9a31d0000 - 0x00007ff9a31d8000 	C:\WINDOWS\System32\PSAPI.DLL
0x00007ff9919a0000 - 0x00007ff9919a9000 	C:\WINDOWS\SYSTEM32\WSOCK32.dll
0x00007ff9a3040000 - 0x00007ff9a30af000 	C:\WINDOWS\System32\WS2_32.dll
0x00007ff99dbb0000 - 0x00007ff99dbd4000 	C:\WINDOWS\SYSTEM32\WINMM.dll
0x00007ff998e30000 - 0x00007ff998e3a000 	C:\WINDOWS\SYSTEM32\VERSION.dll
0x00007ff99db80000 - 0x00007ff99dbad000 	C:\WINDOWS\SYSTEM32\WINMMBASE.dll
0x00007ff9a0930000 - 0x00007ff9a097a000 	C:\WINDOWS\System32\cfgmgr32.dll
0x00007ff9918c0000 - 0x00007ff9918cf000 	C:\Program Files\Android\Android Studio\jre\jre\bin\verify.dll
0x00007ff983480000 - 0x00007ff9834a9000 	C:\Program Files\Android\Android Studio\jre\jre\bin\java.dll
0x00007ff983940000 - 0x00007ff983956000 	C:\Program Files\Android\Android Studio\jre\jre\bin\zip.dll
0x00007ff9a26c0000 - 0x00007ff9a2da5000 	C:\WINDOWS\System32\SHELL32.dll
0x00007ff9a3380000 - 0x00007ff9a3429000 	C:\WINDOWS\System32\shcore.dll
0x00007ff9a10e0000 - 0x00007ff9a1860000 	C:\WINDOWS\System32\windows.storage.dll
0x00007ff9a07f0000 - 0x00007ff9a0813000 	C:\WINDOWS\System32\profapi.dll
0x00007ff9a0840000 - 0x00007ff9a088a000 	C:\WINDOWS\System32\powrprof.dll
0x00007ff9a07c0000 - 0x00007ff9a07d0000 	C:\WINDOWS\System32\UMPDC.dll
0x00007ff9a22e0000 - 0x00007ff9a2332000 	C:\WINDOWS\System32\shlwapi.dll
0x00007ff9a07d0000 - 0x00007ff9a07e1000 	C:\WINDOWS\System32\kernel.appcore.dll
0x00007ff9a10c0000 - 0x00007ff9a10d7000 	C:\WINDOWS\System32\cryptsp.dll
0x00007ff98fb20000 - 0x00007ff98fb3a000 	C:\Program Files\Android\Android Studio\jre\jre\bin\net.dll
0x00007ff9a0030000 - 0x00007ff9a0097000 	C:\WINDOWS\system32\mswsock.dll
0x00007ff98e090000 - 0x00007ff98e0a1000 	C:\Program Files\Android\Android Studio\jre\jre\bin\nio.dll
0x00007ff97e760000 - 0x00007ff97e786000 	C:\Users\danie\.gradle\native\29\windows-amd64\native-platform.dll
0x00007ff99ba90000 - 0x00007ff99ba9d000 	C:\Program Files\Android\Android Studio\jre\jre\bin\management.dll
0x00007ff99fba0000 - 0x00007ff99fbd3000 	C:\WINDOWS\system32\rsaenh.dll
0x00007ff9a1060000 - 0x00007ff9a1086000 	C:\WINDOWS\System32\bcrypt.dll
0x00007ff9a06e0000 - 0x00007ff9a0705000 	C:\WINDOWS\SYSTEM32\USERENV.dll
0x00007ff9a0200000 - 0x00007ff9a020c000 	C:\WINDOWS\SYSTEM32\CRYPTBASE.dll
0x00007ff99fd40000 - 0x00007ff99fd7a000 	C:\WINDOWS\SYSTEM32\IPHLPAPI.DLL
0x00007ff9a2620000 - 0x00007ff9a2628000 	C:\WINDOWS\System32\NSI.dll
0x00007ff998e00000 - 0x00007ff998e16000 	C:\WINDOWS\SYSTEM32\dhcpcsvc6.DLL
0x00007ff998c50000 - 0x00007ff998c6c000 	C:\WINDOWS\SYSTEM32\dhcpcsvc.DLL
0x00007ff99fd80000 - 0x00007ff99fe4a000 	C:\WINDOWS\SYSTEM32\DNSAPI.dll
0x00007ff9820f0000 - 0x00007ff982114000 	C:\Program Files\Android\Android Studio\jre\jre\bin\sunec.dll
0x00007ff998c90000 - 0x00007ff998c9a000 	C:\Windows\System32\rasadhlp.dll
0x00007ff995410000 - 0x00007ff995487000 	C:\WINDOWS\System32\fwpuclnt.dll
0x00007ff9992f0000 - 0x00007ff9992fb000 	C:\Program Files\Android\Android Studio\jre\jre\bin\sunmscapi.dll
0x00007ff9a1860000 - 0x00007ff9a19a9000 	C:\WINDOWS\System32\CRYPT32.dll
0x00007ff9a0820000 - 0x00007ff9a0832000 	C:\WINDOWS\System32\MSASN1.dll

VM Arguments:
jvm_args: -Xmx1536m -Dfile.encoding=windows-1251 -Duser.country=RU -Duser.language=ru -Duser.variant 
java_command: org.gradle.launcher.daemon.bootstrap.GradleDaemon 5.4.1
java_class_path (initial): C:\Users\danie\.gradle\wrapper\dists\gradle-5.4.1-all\3221gyojl5jsh0helicew7rwx\gradle-5.4.1\lib\gradle-launcher-5.4.1.jar
Launcher Type: SUN_STANDARD

Environment Variables:
JAVA_HOME=C:\Program Files\Java\jdk-13.0.1
PATH=C:\Program Files (x86)\Common Files\Oracle\Java\javapath;C:\WINDOWS\system32;C:\WINDOWS;C:\WINDOWS\System32\Wbem;C:\WINDOWS\System32\WindowsPowerShell\v1.0\;C:\WINDOWS\System32\OpenSSH\;C:\Program Files\Intel\WiFi\bin\;C:\Program Files\Common Files\Intel\WirelessCommon\;C:\Users\danie\AppData\Local\Microsoft\WindowsApps;C:\Program Files\Intel\WiFi\bin\;C:\Program Files\Common Files\Intel\WirelessCommon\;
USERNAME=danie
OS=Windows_NT
PROCESSOR_IDENTIFIER=Intel64 Family 6 Model 122 Stepping 1, GenuineIntel



---------------  S Y S T E M  ---------------

OS: Windows 10.0 , 64 bit Build 18362 (10.0.18362.329)

CPU:total 2 (initial active 2) (2 cores per cpu, 1 threads per core) family 6 model 122 stepping 1, cmov, cx8, fxsr, mmx, sse, sse2, sse3, ssse3, sse4.1, sse4.2, popcnt, aes, clmul, erms, 3dnowpref, tsc, tscinvbit

Memory: 4k page, physical 4014256k(270820k free), swap 11287232k(1764k free)

vm_info: OpenJDK 64-Bit Server VM (25.202-b03) for windows-amd64 JRE (1.8.0_202-release-1483-b03), built by "builder" with MS VC++ 10.0 (VS2010)

time: Wed Mar 18 21:56:20 2020
timezone: Финляндия (зима)
elapsed time: 112 seconds (0d 0h 1m 52s)

